# JRE version: Java(TM) SE Runtime Environment (8.0_241-b07) (build 1.8.0_241-b07)
# Java VM: Java HotSpot(TM) 64-Bit Server VM (25.241-b07 mixed mode windows-amd64 compressed oops)
Heap:
 PSYoungGen      total 520192K, used 360556K [0x00000000d5580000, 0x0000000100000000, 0x0000000100000000)
  eden space 358912K, 72% used [0x00000000d5580000,0x00000000e531d570,0x00000000eb400000)
  from space 161280K, 62% used [0x00000000f5880000,0x00000000fbafdcb8,0x00000000ff600000)
  to   space 168448K, 0% used [0x00000000eb400000,0x00000000eb400000,0x00000000f5880000)
 ParOldGen       total 430592K, used 378888K [0x0000000080000000, 0x000000009a480000, 0x00000000d5580000)
  object space 430592K, 87% used [0x0000000080000000,0x0000000097202148,0x000000009a480000)
 Metaspace       used 132041K, capacity 141532K, committed 155136K, reserved 1183744K
  class space    used 16384K, capacity 17911K, committed 20480K, reserved 1048576K
GC Heap History (10 events):
Event: 49056.434 GC heap before
{Heap before GC invocations=173 (full 7):
 PSYoungGen      total 483328K, used 482854K [0x00000000d5580000, 0x0000000100000000, 0x0000000100000000)
  eden space 384000K, 100% used [0x00000000d5580000,0x00000000ecc80000,0x00000000ecc80000)
  from space 99328K, 99% used [0x00000000ecc80000,0x00000000f2d099f0,0x00000000f2d80000)
  to   space 162816K, 0% used [0x00000000f6100000,0x00000000f6100000,0x0000000100000000)
 ParOldGen       total 430592K, used 353060K [0x0000000080000000, 0x000000009a480000, 0x00000000d5580000)
  object space 430592K, 81% used [0x0000000080000000,0x00000000958c9208,0x000000009a480000)
 Metaspace       used 131959K, capacity 141532K, committed 155136K, reserved 1183744K
  class space    used 16383K, capacity 17911K, committed 20480K, reserved 1048576K
Event: 49056.463 GC heap after
Heap after GC invocations=173 (full 7):
 PSYoungGen      total 540672K, used 22023K [0x00000000d5580000, 0x0000000100000000, 0x0000000100000000)
  eden space 377856K, 0% used [0x00000000d5580000,0x00000000d5580000,0x00000000ec680000)
  from space 162816K, 13% used [0x00000000f6100000,0x00000000f7681d30,0x0000000100000000)
  to   space 158208K, 0% used [0x00000000ec680000,0x00000000ec680000,0x00000000f6100000)
 ParOldGen       total 430592K, used 357847K [0x0000000080000000, 0x000000009a480000, 0x00000000d5580000)
  object space 430592K, 83% used [0x0000000080000000,0x0000000095d75f28,0x000000009a480000)
 Metaspace       used 131959K, capacity 141532K, committed 155136K, reserved 1183744K
  class space    used 16383K, capacity 17911K, committed 20480K, reserved 1048576K
}
Event: 49057.489 GC heap before
{Heap before GC invocations=174 (full 7):
 PSYoungGen      total 540672K, used 399879K [0x00000000d5580000, 0x0000000100000000, 0x0000000100000000)
  eden space 377856K, 100% used [0x00000000d5580000,0x00000000ec680000,0x00000000ec680000)
  from space 162816K, 13% used [0x00000000f6100000,0x00000000f7681d30,0x0000000100000000)
  to   space 158208K, 0% used [0x00000000ec680000,0x00000000ec680000,0x00000000f6100000)
 ParOldGen       total 430592K, used 357847K [0x0000000080000000, 0x000000009a480000, 0x00000000d5580000)
  object space 430592K, 83% used [0x0000000080000000,0x0000000095d75f28,0x000000009a480000)
 Metaspace       used 131959K, capacity 141532K, committed 155136K, reserved 1183744K
  class space    used 16383K, capacity 17911K, committed 20480K, reserved 1048576K
Event: 49057.576 GC heap after
Heap after GC invocations=174 (full 7):
 PSYoungGen      total 486912K, used 108557K [0x00000000d5580000, 0x0000000100000000, 0x0000000100000000)
  eden space 377856K, 0% used [0x00000000d5580000,0x00000000d5580000,0x00000000ec680000)
  from space 109056K, 99% used [0x00000000ec680000,0x00000000f30837c0,0x00000000f3100000)
  to   space 167936K, 0% used [0x00000000f5c00000,0x00000000f5c00000,0x0000000100000000)
 ParOldGen       total 430592K, used 364172K [0x0000000080000000, 0x000000009a480000, 0x00000000d5580000)
  object space 430592K, 84% used [0x0000000080000000,0x00000000963a31f8,0x000000009a480000)
 Metaspace       used 131959K, capacity 141532K, committed 155136K, reserved 1183744K
  class space    used 16383K, capacity 17911K, committed 20480K, reserved 1048576K
}
Event: 49132.683 GC heap before
{Heap before GC invocations=175 (full 7):
 PSYoungGen      total 486912K, used 486413K [0x00000000d5580000, 0x0000000100000000, 0x0000000100000000)
  eden space 377856K, 100% used [0x00000000d5580000,0x00000000ec680000,0x00000000ec680000)
  from space 109056K, 99% used [0x00000000ec680000,0x00000000f30837c0,0x00000000f3100000)
  to   space 167936K, 0% used [0x00000000f5c00000,0x00000000f5c00000,0x0000000100000000)
 ParOldGen       total 430592K, used 364172K [0x0000000080000000, 0x000000009a480000, 0x00000000d5580000)
  object space 430592K, 84% used [0x0000000080000000,0x00000000963a31f8,0x000000009a480000)
 Metaspace       used 132018K, capacity 141532K, committed 155136K, reserved 1183744K
  class space    used 16384K, capacity 17911K, committed 20480K, reserved 1048576K
Event: 49132.711 GC heap after
Heap after GC invocations=175 (full 7):
 PSYoungGen      total 534016K, used 14820K [0x00000000d5580000, 0x0000000100000000, 0x0000000100000000)
  eden space 366080K, 0% used [0x00000000d5580000,0x00000000d5580000,0x00000000ebb00000)
  from space 167936K, 8% used [0x00000000f5c00000,0x00000000f6a79158,0x0000000100000000)
  to   space 164864K, 0% used [0x00000000ebb00000,0x00000000ebb00000,0x00000000f5c00000)
 ParOldGen       total 430592K, used 367466K [0x0000000080000000, 0x000000009a480000, 0x00000000d5580000)
  object space 430592K, 85% used [0x0000000080000000,0x00000000966daac8,0x000000009a480000)
 Metaspace       used 132018K, capacity 141532K, committed 155136K, reserved 1183744K
  class space    used 16384K, capacity 17911K, committed 20480K, reserved 1048576K
}
Event: 49203.161 GC heap before
{Heap before GC invocations=176 (full 7):
 PSYoungGen      total 534016K, used 380861K [0x00000000d5580000, 0x0000000100000000, 0x0000000100000000)
  eden space 366080K, 99% used [0x00000000d5580000,0x00000000ebaf6670,0x00000000ebb00000)
  from space 167936K, 8% used [0x00000000f5c00000,0x00000000f6a79158,0x0000000100000000)
  to   space 164864K, 0% used [0x00000000ebb00000,0x00000000ebb00000,0x00000000f5c00000)
 ParOldGen       total 430592K, used 367466K [0x0000000080000000, 0x000000009a480000, 0x00000000d5580000)
  object space 430592K, 85% used [0x0000000080000000,0x00000000966daac8,0x000000009a480000)
 Metaspace       used 132029K, capacity 141532K, committed 155136K, reserved 1183744K
  class space    used 16384K, capacity 17911K, committed 20480K, reserved 1048576K
Event: 49203.175 GC heap after
Heap after GC invocations=176 (full 7):
 PSYoungGen      total 379392K, used 12930K [0x00000000d5580000, 0x00000000ff600000, 0x0000000100000000)
  eden space 366080K, 0% used [0x00000000d5580000,0x00000000d5580000,0x00000000ebb00000)
  from space 13312K, 97% used [0x00000000ebb00000,0x00000000ec7a0a48,0x00000000ec800000)
  to   space 161280K, 0% used [0x00000000f5880000,0x00000000f5880000,0x00000000ff600000)
 ParOldGen       total 430592K, used 367960K [0x0000000080000000, 0x000000009a480000, 0x00000000d5580000)
  object space 430592K, 85% used [0x0000000080000000,0x00000000967560e8,0x000000009a480000)
 Metaspace       used 132029K, capacity 141532K, committed 155136K, reserved 1183744K
  class space    used 16384K, capacity 17911K, committed 20480K, reserved 1048576K
}
Event: 49204.258 GC heap before
{Heap before GC invocations=177 (full 7):
 PSYoungGen      total 379392K, used 378980K [0x00000000d5580000, 0x00000000ff600000, 0x0000000100000000)
  eden space 366080K, 99% used [0x00000000d5580000,0x00000000ebaf8658,0x00000000ebb00000)
  from space 13312K, 97% used [0x00000000ebb00000,0x00000000ec7a0a48,0x00000000ec800000)
  to   space 161280K, 0% used [0x00000000f5880000,0x00000000f5880000,0x00000000ff600000)
 ParOldGen       total 430592K, used 367960K [0x0000000080000000, 0x000000009a480000, 0x00000000d5580000)
  object space 430592K, 85% used [0x0000000080000000,0x00000000967560e8,0x000000009a480000)
 Metaspace       used 132030K, capacity 141532K, committed 155136K, reserved 1183744K
  class space    used 16384K, capacity 17911K, committed 20480K, reserved 1048576K
Event: 49204.375 GC heap after
Heap after GC invocations=177 (full 7):
 PSYoungGen      total 520192K, used 100855K [0x00000000d5580000, 0x0000000100000000, 0x0000000100000000)
  eden space 358912K, 0% used [0x00000000d5580000,0x00000000d5580000,0x00000000eb400000)
  from space 161280K, 62% used [0x00000000f5880000,0x00000000fbafdcb8,0x00000000ff600000)
  to   space 168448K, 0% used [0x00000000eb400000,0x00000000eb400000,0x00000000f5880000)
 ParOldGen       total 430592K, used 378888K [0x0000000080000000, 0x000000009a480000, 0x00000000d5580000)
  object space 430592K, 87% used [0x0000000080000000,0x0000000097202148,0x000000009a480000)
 Metaspace       used 132030K, capacity 141532K, committed 155136K, reserved 1183744K
  class space    used 16384K, capacity 17911K, committed 20480K, reserved 1048576K
}

